!!!!!!!!!!!!!!!!!!!!!!!!!!!!!!!!!!!!!!!!!!!!!!!!!!!!!!!!!!!!!!!!!!!!!!!!!!!!!!!!
!                 <<< X D F F T >>>   $Revision: 5.34 (Mar 05 2007)$           !
!!!!!!!!!!!!!!!!!!!!!!!!!!!!!!!!!!!!!!!!!!!!!!!!!!!!!!!!!!!!!!!!!!!!!!!!!!!!!!!!
 Compound ID:         Model ID:               12-Feb-02   16:30:11



                              a         b         c      alpha     beta    gamma
 Unit cell parameters       4.779     9.195    10.776     90.0    106.9     90.0

 Number of grid points       nx        ny        nz
 in Fourier map              24        48        54


                              h         k         l
 Maximum indices              8        21        25

 4080 reflections have been expanded to 8022 reflections


 F(000) reflection record read from xd.fou. F(000) =    224.00

 Function values range from    -0.258 to      0.203  RMS =    0.053

 ------------------------------------------------------------------------
 Peak search and interpretation 
 ------------------------------------------------------------------------
             Instructions for searching the map
 ------------------------------------------------------------------------
         The program will look for   10 peaks
         The program will look for   10 holes
         Add atoms in model file to the  peak list
 ------------------------------------------------------------------------
             Interpretation instructions
 ------------------------------------------------------------------------
         The peak list will be interpreted
         The first  0 peaks are metal atoms
         Don't include holes in the interpretation
         No bond sequences are to be read
         The number of plots is decided by the program
 ------------------------------------------------------------------------
             Stereochemical criteria
 ------------------------------------------------------------------------
         Print all distances less than  2.40 Angstroms
         Minimum bond length =  1.10 Angstroms
         Maximum bond length =  1.95 Angstroms
         Minimum bond angle  =   85. degrees
         Maximum bond angle  =  145. degrees
 ------------------------------------------------------------------------

 Unit cell parameters              a  =   4.779
                                   b  =   9.195
                                   c  =  10.776
                               alpha  =   90.00
                                beta  =  106.87
                               gamma  =   90.00


     centrosymmetric space group symmetry operators with lattice type P


       1.      + x       + y       + z 
       2.      - x       1/2 + y   1/2 - z 

 ** Since space group symmetry permits, only half the map will be searched **

                                   Peak list

 ------------------------------------------------------------------------------
  no  atom         covalent radius          x         y         z
 ------------------------------------------------------------------------------
   1  O(001)             0.66             0.24832   0.48901   0.67121
   2  O(002)             0.66             0.57260   0.59295   0.84136
   3  O(003)             0.66             0.27848   0.82459   0.57120
   4  N(001)             0.70             0.25622   0.82655   0.84675
   5  C(001)             0.77             0.33378   0.58956   0.75353
   6  C(003)             0.77             0.03011   0.78366   0.61052
   7  C(002)             0.77             0.12111   0.71645   0.74553
   8  H(03B)             0.50            -0.09157   0.70267   0.54266
   9  H(03A)             0.50            -0.11488   0.87678   0.60730
  10  H(002)             0.50            -0.07198   0.67403   0.76684
  11  H(01A)             0.50             0.31362   0.77423   0.93643
  12  H(01B)             0.50             0.44097   0.87746   0.83305
  13  H(01C)             0.50             0.10515   0.90376   0.84964
  14  H(003)             0.50             0.32541   0.92278   0.59599
 ------------------------------------------------------------------------------
  no  peak                                  x         y         z        height
 ------------------------------------------------------------------------------
  15  PK(1)   .........................   0.3301    0.1758    0.5434       0.20
      PK(2)    is  0.43 A from O(002)     0.6279    0.5660    0.8706       0.19
  16  PK(3)   .........................   0.2870    0.1632    0.0558       0.18
  17  PK(4)   .........................   0.1811    0.2565    0.4990       0.17
      PK(5)    is  0.55 A from O(001)     0.2872    0.5358    0.7032       0.16
  18  PK(6)   .........................   0.2361    0.1881    0.1646       0.16
  19  PK(7)   .........................   0.1808    0.1239    0.9269       0.16
      PK(8)    is  0.44 A from O(001)     0.2842    0.4445    0.6809       0.16
  20  PK(9)   .........................   0.1736    0.1709    0.3732       0.16
  21  PK(10)  .........................   0.1221    0.1068    0.2971       0.15
      HL(1)    is  0.53 A from C(001)     0.2960    0.6061    0.7926      -0.26
      HL(2)    is  0.46 A from C(001)     0.3690    0.6070    0.7205      -0.24
      HL(3)    is  0.53 A from O(003)     0.2487    0.8117    0.6138      -0.24
      HL(4)    is  0.53 A from N(001)     0.2118    0.8550    0.8788      -0.22
      HL(5)    is  0.52 A from C(002)     0.1671    0.7133    0.7074      -0.21
      HL(6)    is  0.50 A from C(002)     0.0853    0.7289    0.7832      -0.20
      HL(7)    is  0.61 A from O(003)     0.3350    0.7965    0.5337      -0.17
      HL(8)    is  0.60 A from N(001)     0.2935    0.8309    0.7982      -0.16
      HL(9)    is  0.59 A from O(002)     0.5908    0.6215    0.7955      -0.15
  22  HL(10)  .........................   0.7516    0.2836    0.3722      -0.14
 ------------------------------------------------------------------------------


 +++++++++++++++++++++++++++++++++++++++++++++++++++++++++++++++++++++++++++++++++++++++++++++++++++++++++++++++++++++++

                                                                                          Set no.  0      Cluster  1

                           Plot of peaks on least squares plane          scale  =  2.50  cms/a





+                                                   15

+                                                                  11




+                                                                         4



+                                                 2
+                                14





+                                                                     7

+                                                       5

+                                                                    10



+                                                                             3
+                                                                                        9
+                                          21

+                                                                                    20
+                                                                              6


+                                                  1
+                                  12




+                                                                           8

+                                   18
+                                                                     19

+                                                  13
+                                                                                17



+                                      16


 -----------------------------------------------------------------------------------------------------------------------


     Interpretation of cluster  1  starting with peak number  1

 peak           2   3   4   5   6   7  12  13  14  15  17
 bonds to       5   6   7   1   3   4   1   1   2   2   6
 bonds to      14           2   7   5                    
 bonds to      15           7  17   6                    
 ring                                                    
 fragment       1   1   1   1   1   1   1   1   1   1   1

        No. of peaks in each fragment       12


 +++++++++++++++++++++++++++++++++++++++++++++++++++++++++++++++++++++++++++++++++++++++++++++++++++++++++++++++++++++++

                                                                                                    Interpreted peak list


  no   peak          x         y         z         height          cluster number

   1   O(001)      0.2483    0.4890    0.6712                       1
   2   O(002)      0.5726    0.5930    0.8414                       1
   3   O(003)      0.2785    0.8246    0.5712                       1
   4   N(001)      0.2562    0.8265    0.8468                       1
   5   C(001)      0.3338    0.5896    0.7535                       1
   6   C(003)      0.0301    0.7837    0.6105                       1
   7   C(002)      0.1211    0.7165    0.7455                       1
   8   H(03B)     -0.0916    0.7027    0.5427                       1
   9   H(03A)     -0.1149    0.8768    0.6073                       1
  10   H(002)     -0.0720    0.6740    0.7668                       1
  11   H(01A)      0.3136    0.7742    0.9364                       1
  12   H(01B)      0.5590    0.3775    0.6670                       1
  13   H(01C)     -0.1051    0.4038    0.6504                       1
  14   H(003)      0.6746    0.4228    0.9040                       1
  15   PK(1)       0.6699    0.6758    0.9566        0.20           1
  16   PK(3)       0.2870    0.3368    0.5558        0.18           1
  17   PK(4)      -0.1811    0.7435    0.5010        0.17           1
  18   PK(6)       0.2361    0.3119    0.6646        0.16           1
  19   PK(7)      -0.1808    0.6239    0.5731        0.16           1
  20   PK(9)      -0.1736    0.8291    0.6268        0.16           1
  21   PK(10)      0.1221    0.3932    0.7971        0.15           1

                   Total number of peaks in each cluster           21


 +++++++++++++++++++++++++++++++++++++++++++++++++++++++++++++++++++++++++++++++++++++++++++++++++++++++++++++++++++++++

                                                                                            Table of interpeak distances

   from   to dist
     1     2 2.24     5 1.26     7 2.38    12 1.82    13 1.82    16 1.92    18 1.63    19 2.37    21 1.86
     2     1 2.24     5 1.25     7 2.39    14 1.72    15 1.42
     3     6 1.42     8 2.04     9 2.08    17 2.23
     4     7 1.49    10 2.09    11 1.04
     5     1 1.26     2 1.25     7 1.53    10 2.13    21 2.19
     6     3 1.42     7 1.52     8 1.09     9 1.10    10 2.14    17 1.36    19 1.76    20 1.12
     7     1 2.38     2 2.39     4 1.49     5 1.53     6 1.52     8 2.13     9 2.17    10 1.09    11 2.06    19 2.17
          20 1.91
     8     3 2.04     6 1.09     7 2.13     9 1.76    17 0.64    19 0.95    20 1.59
     9     3 2.08     6 1.10     7 2.17     8 1.76    17 1.64    19 2.36    20 0.59
    10     4 2.09     5 2.13     6 2.14     7 1.09    11 2.37    19 2.05    20 2.03
    11     4 1.04     7 2.06    10 2.37    15 1.88
    12     1 1.82    16 1.54    18 1.65
    13     1 1.82    18 1.80    19 2.18    21 1.64
    14     2 1.72    15 2.40
    15     2 1.42    11 1.88    14 2.40
    16     1 1.92    12 1.54    18 1.29
    17     3 2.23     6 1.36     8 0.64     9 1.64    19 1.35    20 1.56
    18     1 1.63    12 1.65    13 1.80    16 1.29    21 1.83
    19     1 2.37     6 1.76     7 2.17     8 0.95     9 2.36    10 2.05    13 2.18    17 1.35    20 1.97
    20     6 1.12     7 1.91     8 1.59     9 0.59    10 2.03    17 1.56    19 1.97
    21     1 1.86     5 2.19    13 1.64    18 1.83



                Table of bond angles (in degrees) among peaks in above table closer together than 1.95a

     5 -  1 - 12 109     5 -  1 - 13 120     5 -  1 - 16 157     5 -  1 - 18 140     5 -  1 - 21  87    12 -  1 - 13 119
    12 -  1 - 16  49    12 -  1 - 18  57    12 -  1 - 21 101    13 -  1 - 16  82    13 -  1 - 18  63    13 -  1 - 21  53
    16 -  1 - 18  42    16 -  1 - 21 104    18 -  1 - 21  63     5 -  2 - 14 111     5 -  2 - 15 132    14 -  2 - 15  99
     7 -  4 - 11 108     1 -  5 -  2 126     1 -  5 -  7 116     2 -  5 -  7 118     3 -  6 -  7 111     3 -  6 -  8 108
     3 -  6 -  9 111     3 -  6 - 17 107     3 -  6 - 19 129     3 -  6 - 20 142     7 -  6 -  8 108     7 -  6 -  9 110
     7 -  6 - 17 131     7 -  6 - 19  82     7 -  6 - 20  91     8 -  6 -  9 108     8 -  6 - 17  28     8 -  6 - 19  28
     8 -  6 - 20  92     9 -  6 - 17  83     9 -  6 - 19 109     9 -  6 - 20  31    17 -  6 - 19  49    17 -  6 - 20  77
    19 -  6 - 20  83     4 -  7 -  5 110     4 -  7 -  6 111     4 -  7 - 10 108     4 -  7 - 20 102     5 -  7 -  6 111
     5 -  7 - 10 108     5 -  7 - 20 143     6 -  7 - 10 109     6 -  7 - 20  36    10 -  7 - 20  80     6 -  8 -  9  36
     6 -  8 - 17 101     6 -  8 - 19 120     6 -  8 - 20  45     9 -  8 - 17  69     9 -  8 - 19 118     9 -  8 - 20  19
    17 -  8 - 19 114    17 -  8 - 20  75    19 -  8 - 20  99     6 -  9 -  8  36     6 -  9 - 17  55     6 -  9 - 20  77
     8 -  9 - 17  21     8 -  9 - 20  64    17 -  9 - 20  71     4 - 11 - 15 108     1 - 12 - 16  69     1 - 12 - 18  56
    16 - 12 - 18  47     1 - 13 - 18  54     1 - 13 - 21  65    18 - 13 - 21  64     2 - 15 - 11  96     1 - 16 - 12  62
     1 - 16 - 18  57    12 - 16 - 18  71     6 - 17 -  8  52     6 - 17 -  9  41     6 - 17 - 19  81     6 - 17 - 20  44
     8 - 17 -  9  90     8 - 17 - 19  40     8 - 17 - 20  81     9 - 17 - 19 104     9 - 17 - 20  21    19 - 17 - 20  85
     1 - 18 - 12  67     1 - 18 - 13  64     1 - 18 - 16  81     1 - 18 - 21  65    12 - 18 - 13 130    12 - 18 - 16  62
    12 - 18 - 21 109    13 - 18 - 16 104    13 - 18 - 21  54    16 - 18 - 21 145     6 - 19 -  8  32     6 - 19 - 17  50
     8 - 19 - 17  26     6 - 20 -  7  53     6 - 20 -  8  43     6 - 20 -  9  72     6 - 20 - 17  58     7 - 20 -  8  74
     7 - 20 -  9 108     7 - 20 - 17  98     8 - 20 -  9  97     8 - 20 - 17  24     9 - 20 - 17  88     1 - 21 - 13  62
     1 - 21 - 18  52    13 - 21 - 18  62


                                 Distances between atoms in different asymmetric units

     from   to symm  x    y    z    dist     from   to symm  x    y    z    dist     from   to symm  x    y    z    dist
        2   10(  1 1.00 0.00 0.00)  2.21        2   17( -2 1.00 1.00 0.00)  2.33        2   18(  2 1.00 0.00 1.00)  2.22
        3   11( -2 0.00 1.00-1.00)  1.76        3   14(  2 1.00 0.00 1.00)  0.95        4   12(  2 1.00 0.00 1.00)  1.05
        4   13(  2 0.00 0.00 1.00)  1.02        4   16(  2 1.00 0.00 1.00)  2.13        4   18(  2 0.00 0.00 1.00)  2.32
        4   21(  2 0.00 0.00 1.00)  2.10        6   14(  2 1.00 0.00 1.00)  1.94        6   15( -2-1.00 1.00-1.00)  2.05
        6   16( -1 0.00 1.00 1.00)  2.27        6   21(  2 0.00 0.00 1.00)  1.72        7   12(  2 1.00 0.00 1.00)  2.14
        7   13(  2 0.00 0.00 1.00)  2.07        7   18(  2 0.00 0.00 1.00)  2.36        7   21(  2 0.00 0.00 1.00)  1.97
        8   15( -2-1.00 1.00-1.00)  1.67        8   16( -1 0.00 1.00 1.00)  1.25        8   18( -1 0.00 1.00 1.00)  2.14
        9   14(  2 1.00 0.00 1.00)  2.18        9   15( -2-1.00 1.00-1.00)  1.72        9   21(  2 0.00 0.00 1.00)  1.05
       10   13(  2 0.00 0.00 1.00)  2.35       10   18(  2 0.00 0.00 1.00)  1.76       10   21(  2 0.00 0.00 1.00)  2.12
       11   12(  2 1.00 0.00 1.00)  1.70       11   13(  2 0.00 0.00 1.00)  1.66       11   16(  2 1.00 0.00 1.00)  1.97
       12   13(  1 1.00 0.00 0.00)  1.68       12   15(  2 1.00-1.00 1.00)  2.36       15   16(  2 1.00 0.00 1.00)  1.51
       15   17( -2 1.00 1.00 0.00)  1.04       15   18(  2 1.00 0.00 1.00)  1.95       15   19( -2 1.00 1.00 0.00)  2.23
       15   20( -2 1.00 1.00 0.00)  1.77       16   17( -1 0.00 1.00 1.00)  1.00       16   19( -1 0.00 1.00 1.00)  1.38
       17   18( -1 0.00 1.00 1.00)  1.80       18   20(  2 0.00-1.00 1.00)  2.36       20   21(  2 0.00 0.00 1.00)  0.98

  Cluster  1  joins to itself through the peak pair(s)
                                                            3, 11      3, 14      4, 12      4, 13      6, 14      6, 21

                                                            8, 15      8, 16      9, 15      9, 21     10, 18     11, 12

                                                           11, 13     12, 13     15, 16     15, 17     15, 20     16, 17

                                                           16, 19     17, 18     20, 21
