!!!!!!!!!!!!!!!!!!!!!!!!!!!!!!!!!!!!!!!!!!!!!!!!!!!!!!!!!!!!!!!!!!!!!!!!!!!!!!!!
!                  <<< X D G E O M >>> $Revision: 5.34 (Mar 05 2007)$          !
!!!!!!!!!!!!!!!!!!!!!!!!!!!!!!!!!!!!!!!!!!!!!!!!!!!!!!!!!!!!!!!!!!!!!!!!!!!!!!!!
 Databank file is being read.

 Element type: O   
  Covalent and van der Waals radii:     0.6600    1.5200

 Element type: N   
  Covalent and van der Waals radii:     0.6900    1.5500

 Element type: C   
  Covalent and van der Waals radii:     0.7700    1.6900

 Element type: H   
  Covalent and van der Waals radii:     0.3200    1.1900


 Functions and errors for CHECK     Model 4 2 1 0

 Symmetry information 
 The crystal is centrosymmetric, lattice type P( 1)

 SYMM  1      + X, + Y, + Z
 SYMM  2      - X, 1/2 + Y, 1/2 - Z
 ----  symmetry generated from lattice type:
 SYMM  3      - X, - Y, - Z
 SYMM  4      + X, 1/2 - Y, 1/2 + Z

 a =  4.7790( 0.0000)   b =  9.1950( 0.0000)    c = 10.7760( 0.0000)
 alpha =  90.000( 0.000) beta = 106.870( 0.000) gamma =  90.000( 0.000)

 Orthogonalisation matrix for Cartesian system defined by a and b*
     4.77900    -0.00001    -3.12722
     0.00000     9.19500    -0.00001
     0.00000     0.00000    10.31226

 Cell volume =   453.15( 0.00) A**3

 Bonding distances are sums of covalent radii
 Variance-covariance matrix will be used

 Coordinates and Uiso or Uequiv
 O(001)     0.24832(4)     0.48901(2)     0.67121(2)      1.0000  0.00781    
 O(002)     0.57260(4)     0.59295(2)     0.84136(2)      1.0000  0.00764    
 O(003)     0.27848(4)     0.82459(2)     0.57120(2)      1.0000  0.00812    
 N(001)     0.25622(4)     0.82655(2)     0.84675(2)      1.0000  0.00631    
 C(001)     0.33378(5)     0.58956(2)     0.75353(2)      1.0000  0.00563    
 C(003)     0.03011(5)     0.78366(2)     0.61052(2)      1.0000  0.00688    
 C(002)     0.12111(4)     0.71645(2)     0.74553(2)      1.0000  0.00562    
 H(03B)    -0.092(1)       0.703(1)       0.543(1)        1.0000  0.01967    
 H(03A)    -0.115(2)       0.877(1)       0.607(1)        1.0000  0.02345    
 H(002)    -0.072(2)       0.674(1)       0.767(1)        1.0000  0.01898    
 H(01A)     0.314(2)       0.774(1)       0.936(1)        1.0000  0.02131    
 H(01B)     0.441(2)       0.877(1)       0.833(1)        1.0000  0.01846    
 H(01C)     0.105(2)       0.904(1)       0.850(1)        1.0000  0.02496    
 H(003)     0.325(2)       0.923(1)       0.596(1)        1.0000  0.02332    

 Uij values  U11         U22         U33         U12         U13         U23
 O(001)  0.00721(6)  0.00672(5)  0.00940(5) -0.00044(4)  0.00225(4) -0.00212(4) 
 O(002)  0.00603(6)  0.00723(5)  0.00869(5)  0.00092(4)  0.00060(4) -0.00043(4) 
 O(003)  0.00986(6)  0.00818(5)  0.00760(5) -0.00216(4)  0.00457(4) -0.00114(4) 
 N(001)  0.00661(6)  0.00630(5)  0.00623(4)  0.00058(4)  0.00222(4) -0.00007(4) 
 C(001)  0.00509(7)  0.00532(5)  0.00670(5)  0.00002(4)  0.00204(4) -0.00013(4) 
 C(003)  0.00636(7)  0.00799(6)  0.00608(5)  0.00028(5)  0.00146(4)  0.00051(4) 
 C(002)  0.00492(6)  0.00601(5)  0.00627(5)  0.00024(4)  0.00214(4)  0.00033(4) 
 H(03B)  0.013(3)    0.026(4)    0.021(4)   -0.006(3)    0.008(3)   -0.006(3) 
 H(03A)  0.023(4)    0.024(5)    0.024(4)    0.006(3)    0.007(3)    0.003(3) 
 H(002)  0.015(3)    0.021(4)    0.027(4)   -0.001(3)    0.015(3)    0.000(3) 
 H(01A)  0.027(4)    0.019(5)    0.016(4)   -0.002(4)    0.003(4)    0.003(4) 
 H(01B)  0.011(4)    0.022(5)    0.022(4)    0.000(4)    0.005(3)    0.000(4) 
 H(01C)  0.027(5)    0.022(5)    0.029(5)   -0.002(4)    0.012(4)   -0.007(4) 
 H(003)  0.021(4)    0.032(6)    0.021(4)   -0.001(4)    0.013(4)    0.002(4) 

 Bond lengths
 O(001)- C(001)     1.2642(3)          
 O(002)- C(001)     1.2539(3)          
 O(003)- C(003)     1.4219(3)          
 O(003)- H(003)     0.950(11)         
 C(001)- C(002)     1.5333(3)          
 C(003)- C(002)     1.5233(3)          
 C(003)- H(03B)     1.087(8)          
 C(002)- H(002)     1.086(7)          

 Bond angles
 C(003)- O(003)- H(003)   108.5(5)          
 O(001)- C(001)- O(002)   125.86(2)          
 O(001)- C(001)- C(002)   116.305(18)         
 O(002)- C(001)- C(002)   117.826(18)         
 O(003)- C(003)- C(002)   111.117(17)         
 O(003)- C(003)- H(03B)   108.1(4)          
 C(002)- C(003)- H(03B)   108.3(4)          
 C(001)- C(002)- C(003)   111.302(16)         
 C(001)- C(002)- H(002)   107.7(4)          
 C(003)- C(002)- H(002)   108.9(4)          

 XDGEOM completed

 Populations for   14 atoms have been tabulated in xd_geo.cif

                 List of atomic parameters from XD.COV file   

              If s.u. is less than 0.001 it is not printed out


    Table 1. Monopole Populations, Radial Parameters and Net Atomic Charges.
   ---------------------------------------------------------------------------
  Atom            Pval            Kappa           P00           Kappa'      Net charge
---------------------------------------------------------------------------------------
  O(001)       6.268           0.990           0.000           1.006        -0.26760                                                                                                                    
  O(002)       6.270           0.989           0.000           1.066        -0.26960                                                                                                                    
  O(003)       6.234           0.991           0.000           1.005        -0.23380                                                                                                                    
  N(001)       5.146           0.999           0.000           0.820        -0.14580                                                                                                                    
  C(001)       4.062           1.006           0.000           0.902        -0.06190                                                                                                                    
  C(003)       4.045           1.006           0.000           0.916        -0.04540                                                                                                                    
  C(002)       3.891           1.015           0.000           1.007        +0.10910                                                                                                                    
  H(03B)       0.932           1.216           0.000           1.262        +0.06760                                                                                                                    
  H(03A)       0.920           1.212           0.000           1.242        +0.08040                                                                                                                    
  H(002)       0.933           1.210           0.000           1.168        +0.06720                                                                                                                    
  H(01A)       0.788           1.203           0.000           1.369        +0.21210                                                                                                                    
  H(01B)       0.790           1.199           0.000           1.220        +0.20950                                                                                                                    
  H(01C)       0.825           1.199           0.000           1.228        +0.17490                                                                                                                    
  H(003)       0.896           1.168           0.000           1.250        +0.10350                                                                                                                    
---------------------------------------------------------------------------------------





        Table 2. Dipole Population Parameters.
       ----------------------------------------

  Atom             D11+         D11-         D10         Kappa'
----------------------------------------------------------------
  O(001)      -0.001       -0.004       -0.075        1.006                     
  O(002)       0.002       -0.011       -0.072        1.066                     
  O(003)      -0.006       -0.078       -0.041        1.005                     
  N(001)       0.024        0.004        0.005        0.820                     
  C(001)       0.015        0.033        0.022        0.902                     
  C(003)      -0.044        0.057        0.033        0.916                     
  C(002)       0.005       -0.066        0.038        1.007                     
  H(03B)      -0.003        0.000        0.132        1.262                     
  H(03A)       0.013       -0.009        0.123        1.242                     
  H(002)      -0.006        0.004        0.160        1.168                     
  H(01A)      -0.003        0.002        0.122        1.369                     
  H(01B)       0.000       -0.007        0.156        1.220                     
  H(01C)       0.009        0.003        0.172        1.228                     
  H(003)       0.001        0.005        0.178        1.250                     
----------------------------------------------------------------





                    Table 3. Quadrupole Population Parameters.
                   ---------------------------------------------

  Atom            Q20           Q21+          Q21-          Q22+          Q22-          Kappa'
-----------------------------------------------------------------------------------------------
  O(001)      -0.027        -0.001         0.006        -0.060         0.000         1.006          
  O(002)      -0.020         0.000         0.005        -0.070        -0.002         1.066          
  O(003)      -0.013         0.000         0.048         0.076        -0.004         1.005          
  N(001)       0.008        -0.024        -0.012        -0.021        -0.036         0.820          
  C(001)       0.188         0.004        -0.070        -0.208         0.008         0.902          
  C(003)       0.046         0.034        -0.046        -0.072         0.041         0.916          
  C(002)       0.064         0.002         0.053         0.064         0.013         1.007          
  H(03B)       0.050        -0.004         0.004        -0.004        -0.008         1.262          
  H(03A)       0.063         0.011        -0.005        -0.001         0.000         1.242          
  H(002)       0.074        -0.005         0.005        -0.005         0.004         1.168          
  H(01A)       0.061        -0.022        -0.009         0.001         0.004         1.369          
  H(01B)       0.108         0.010        -0.004         0.009        -0.004         1.220          
  H(01C)       0.103        -0.004         0.019        -0.008        -0.001         1.228          
  H(003)       0.133        -0.008         0.001         0.010        -0.003         1.250          
-----------------------------------------------------------------------------------------------





                                Table 4. Octupole Population Parameters.
                               ------------------------------------------

  Atom            O30           O31+          O31-          O32+          O32-          O33+          O33-          Kappa'
---------------------------------------------------------------------------------------------------------------------------
  O(001)       0.035         0.001         0.001         0.012         0.007         0.001        -0.007         1.006            
  O(002)       0.041         0.002         0.002         0.014         0.005         0.004         0.002         1.066            
  O(003)       0.082        -0.002        -0.016         0.033         0.004         0.001        -0.028         1.005            
  N(001)       0.251        -0.021         0.009         0.018        -0.004         0.020        -0.198         0.820            
  C(001)       0.323        -0.004         0.063         0.235        -0.005         0.007         0.006         0.902            
  C(003)       0.312         0.005        -0.007        -0.016         0.019         0.003        -0.241         0.916            
  C(002)       0.222        -0.009        -0.013         0.004        -0.004         0.011        -0.175         1.007            
---------------------------------------------------------------------------------------------------------------------------





                                Table 5. Hexadecapole Population Parameters.
                               ---------------------------------------------

  Atom            H40          H41+         H41-         H42+         H42-         H43+         H43-         H44+         H44-         Kappa'
----------------------------------------------------------------------------------------------------------------------------------------------
  O(001)      -0.003       -0.001        0.003        0.004        0.003       -0.004        0.002        0.003        0.003        1.006             
  O(002)      -0.001        0.001        0.005        0.007        0.002        0.003        0.001       -0.004       -0.004        1.066             
  O(003)       0.028        0.002       -0.001        0.003        0.000       -0.001        0.004        0.006       -0.004        1.005             
  N(001)       0.069       -0.002        0.006       -0.002        0.007        0.001        0.076       -0.001       -0.023        0.820             
  C(001)       0.018        0.007       -0.012       -0.026       -0.008        0.006       -0.007        0.016        0.006        0.902             
  C(003)       0.085        0.034        0.001       -0.004       -0.007        0.006        0.099        0.025       -0.010        0.916             
  C(002)       0.061       -0.002        0.005        0.008        0.017       -0.009        0.078        0.004       -0.007        1.007             
----------------------------------------------------------------------------------------------------------------------------------------------

 

